<?xml version="1.0" encoding="UTF-8"?>
<!-- Generated by org.testng.reporters.JUnitReportReporter -->
<testsuite hostname="del1-lhp-n80403" failures="1" tests="1" name="com.demo.runner.failedtestNg_Runner" time="7.506" errors="0" timestamp="2023-06-27T08:12:13 IST" skipped="0">
  <testcase classname="com.demo.runner.failedtestNg_Runner" name="runScenario" time="7.506">
    <failure message="expected [Swag Labs1] but found [Swag Labs]" type="java.lang.AssertionError">
      <![CDATA[java.lang.AssertionError: expected [Swag Labs1] but found [Swag Labs]
at org.testng.Assert.fail(Assert.java:110)
at org.testng.Assert.failNotEquals(Assert.java:1413)
at org.testng.Assert.assertEqualsImpl(Assert.java:149)
at org.testng.Assert.assertEquals(Assert.java:131)
at org.testng.Assert.assertEquals(Assert.java:655)
at org.testng.Assert.assertEquals(Assert.java:665)
at com.demo.stepdefinitions.stepdefinitions.user_is_on_product_page_and_verify_the_page_title_should_be(stepdefinitions.java:57)
at âœ½.user is on product page and verify the page title should be "Swag Labs1"(file:///C:/Users/lellapati.reddy/eclipse-workspace/wfs/src/test/resources/features/login.feature:8)
]]>
    </failure>
  </testcase> <!-- runScenario -->
  <system-out/>
</testsuite> <!-- com.demo.runner.failedtestNg_Runner -->
