<?xml version="1.0" encoding="UTF-8"?>
<!-- Generated by org.testng.reporters.JUnitXMLReporter -->
<testsuite ignored="0" hostname="del1-lhp-n80403" failures="1" tests="1" name="Test" time="0.313" errors="0" timestamp="2023-06-26T13:02:48 IST">
  <testcase classname="io.cucumber.testng.AbstractTestNGCucumberTests" name="runScenario" time="0.11">
    <failure type="java.lang.AssertionError" message="expected [true] but found [false]">
      <![CDATA[java.lang.AssertionError: expected [true] but found [false]
at com.demo.stepdefinitions.stepdefinitions.user_is_on_swag_labs_login_page(stepdefinitions.java:25)
at âœ½.user is on Swag Labs  login page(file:///C:/Users/lellapati.reddy/eclipse-workspace/wfs/src/test/resources/features/login.feature:6)
... Removed 6 stack frames]]>
    </failure>
  </testcase> <!-- runScenario -->
</testsuite> <!-- Test -->
